{"/Users/ahmedhosny/Desktop/Development/TMG Assessment/backend/app.ts": {"path":"/Users/ahmedhosny/Desktop/Development/TMG Assessment/backend/app.ts","statementMap":{"0":{"start":{"line":1,"column":0},"end":{"line":1,"column":47}},"1":{"start":{"line":2,"column":0},"end":{"line":2,"column":48}},"2":{"start":{"line":3,"column":0},"end":{"line":3,"column":48}},"3":{"start":{"line":4,"column":0},"end":{"line":4,"column":54}},"4":{"start":{"line":5,"column":0},"end":{"line":5,"column":24}},"5":{"start":{"line":7,"column":25},"end":{"line":7,"column":34}},"6":{"start":{"line":8,"column":0},"end":{"line":8,"column":16}},"7":{"start":{"line":9,"column":0},"end":{"line":9,"column":24}},"8":{"start":{"line":10,"column":0},"end":{"line":10,"column":38}},"9":{"start":{"line":11,"column":0},"end":{"line":11,"column":38}},"10":{"start":{"line":13,"column":0},"end":{"line":13,"column":25}},"11":{"start":{"line":15,"column":13},"end":{"line":15,"column":37}},"12":{"start":{"line":18,"column":0},"end":{"line":22,"column":1}},"13":{"start":{"line":19,"column":2},"end":{"line":21,"column":5}},"14":{"start":{"line":20,"column":4},"end":{"line":20,"column":50}},"15":{"start":{"line":24,"column":0},"end":{"line":24,"column":19}}},"fnMap":{"0":{"name":"(anonymous_1)","decl":{"start":{"line":19,"column":19},"end":{"line":19,"column":22}},"loc":{"start":{"line":19,"column":24},"end":{"line":21,"column":3}}}},"branchMap":{"0":{"loc":{"start":{"line":15,"column":13},"end":{"line":15,"column":37}},"type":"binary-expr","locations":[{"start":{"line":15,"column":13},"end":{"line":15,"column":29}},{"start":{"line":15,"column":33},"end":{"line":15,"column":37}}]},"1":{"loc":{"start":{"line":18,"column":0},"end":{"line":22,"column":1}},"type":"if","locations":[{"start":{"line":18,"column":0},"end":{"line":22,"column":1}}]}},"s":{"0":2,"1":2,"2":2,"3":2,"4":2,"5":2,"6":2,"7":2,"8":2,"9":2,"10":2,"11":2,"12":2,"13":0,"14":0,"15":2},"f":{"0":0},"b":{"0":[2,2],"1":[0]}}
,"/Users/ahmedhosny/Desktop/Development/TMG Assessment/backend/routes/stackManager.ts": {"path":"/Users/ahmedhosny/Desktop/Development/TMG Assessment/backend/routes/stackManager.ts","statementMap":{"0":{"start":{"line":1,"column":0},"end":{"line":1,"column":66}},"1":{"start":{"line":2,"column":0},"end":{"line":2,"column":52}},"2":{"start":{"line":4,"column":15},"end":{"line":4,"column":23}},"3":{"start":{"line":7,"column":0},"end":{"line":21,"column":3}},"4":{"start":{"line":8,"column":2},"end":{"line":20,"column":3}},"5":{"start":{"line":9,"column":21},"end":{"line":9,"column":29}},"6":{"start":{"line":10,"column":4},"end":{"line":14,"column":5}},"7":{"start":{"line":11,"column":20},"end":{"line":11,"column":49}},"8":{"start":{"line":12,"column":7},"end":{"line":12,"column":34}},"9":{"start":{"line":13,"column":6},"end":{"line":13,"column":25}},"10":{"start":{"line":16,"column":4},"end":{"line":16,"column":34}},"11":{"start":{"line":17,"column":4},"end":{"line":17,"column":59}},"12":{"start":{"line":19,"column":4},"end":{"line":19,"column":14}},"13":{"start":{"line":24,"column":0},"end":{"line":37,"column":3}},"14":{"start":{"line":25,"column":2},"end":{"line":36,"column":3}},"15":{"start":{"line":26,"column":17},"end":{"line":26,"column":41}},"16":{"start":{"line":27,"column":4},"end":{"line":31,"column":5}},"17":{"start":{"line":28,"column":20},"end":{"line":28,"column":47}},"18":{"start":{"line":29,"column":7},"end":{"line":29,"column":34}},"19":{"start":{"line":30,"column":6},"end":{"line":30,"column":25}},"20":{"start":{"line":33,"column":4},"end":{"line":33,"column":23}},"21":{"start":{"line":35,"column":4},"end":{"line":35,"column":14}},"22":{"start":{"line":39,"column":0},"end":{"line":39,"column":22}}},"fnMap":{"0":{"name":"(anonymous_1)","decl":{"start":{"line":7,"column":17},"end":{"line":7,"column":22}},"loc":{"start":{"line":7,"column":75},"end":{"line":21,"column":1}}},"1":{"name":"(anonymous_2)","decl":{"start":{"line":24,"column":16},"end":{"line":24,"column":21}},"loc":{"start":{"line":24,"column":74},"end":{"line":37,"column":1}}}},"branchMap":{"0":{"loc":{"start":{"line":10,"column":4},"end":{"line":14,"column":5}},"type":"if","locations":[{"start":{"line":10,"column":4},"end":{"line":14,"column":5}}]},"1":{"loc":{"start":{"line":27,"column":4},"end":{"line":31,"column":5}},"type":"if","locations":[{"start":{"line":27,"column":4},"end":{"line":31,"column":5}}]}},"s":{"0":2,"1":2,"2":2,"3":2,"4":3,"5":3,"6":3,"7":0,"8":0,"9":0,"10":3,"11":3,"12":0,"13":2,"14":2,"15":2,"16":2,"17":1,"18":1,"19":1,"20":1,"21":0,"22":2},"f":{"0":3,"1":2},"b":{"0":[0],"1":[1]}}
,"/Users/ahmedhosny/Desktop/Development/TMG Assessment/backend/routes/storeManager.ts": {"path":"/Users/ahmedhosny/Desktop/Development/TMG Assessment/backend/routes/storeManager.ts","statementMap":{"0":{"start":{"line":1,"column":0},"end":{"line":1,"column":66}},"1":{"start":{"line":2,"column":0},"end":{"line":2,"column":54}},"2":{"start":{"line":4,"column":15},"end":{"line":4,"column":23}},"3":{"start":{"line":7,"column":0},"end":{"line":35,"column":3}},"4":{"start":{"line":8,"column":2},"end":{"line":34,"column":3}},"5":{"start":{"line":9,"column":32},"end":{"line":9,"column":40}},"6":{"start":{"line":11,"column":4},"end":{"line":15,"column":5}},"7":{"start":{"line":12,"column":20},"end":{"line":12,"column":59}},"8":{"start":{"line":13,"column":7},"end":{"line":13,"column":34}},"9":{"start":{"line":14,"column":6},"end":{"line":14,"column":25}},"10":{"start":{"line":18,"column":4},"end":{"line":22,"column":5}},"11":{"start":{"line":19,"column":20},"end":{"line":19,"column":75}},"12":{"start":{"line":20,"column":7},"end":{"line":20,"column":34}},"13":{"start":{"line":21,"column":6},"end":{"line":21,"column":25}},"14":{"start":{"line":24,"column":4},"end":{"line":24,"column":46}},"15":{"start":{"line":26,"column":4},"end":{"line":31,"column":7}},"16":{"start":{"line":33,"column":4},"end":{"line":33,"column":14}},"17":{"start":{"line":38,"column":0},"end":{"line":53,"column":3}},"18":{"start":{"line":39,"column":2},"end":{"line":52,"column":3}},"19":{"start":{"line":40,"column":20},"end":{"line":40,"column":30}},"20":{"start":{"line":41,"column":19},"end":{"line":41,"column":48}},"21":{"start":{"line":43,"column":4},"end":{"line":47,"column":5}},"22":{"start":{"line":44,"column":20},"end":{"line":44,"column":57}},"23":{"start":{"line":45,"column":7},"end":{"line":45,"column":34}},"24":{"start":{"line":46,"column":6},"end":{"line":46,"column":25}},"25":{"start":{"line":49,"column":4},"end":{"line":49,"column":32}},"26":{"start":{"line":51,"column":4},"end":{"line":51,"column":14}},"27":{"start":{"line":56,"column":0},"end":{"line":73,"column":2}},"28":{"start":{"line":59,"column":4},"end":{"line":71,"column":5}},"29":{"start":{"line":60,"column":22},"end":{"line":60,"column":32}},"30":{"start":{"line":61,"column":22},"end":{"line":61,"column":54}},"31":{"start":{"line":62,"column":6},"end":{"line":68,"column":7}},"32":{"start":{"line":63,"column":8},"end":{"line":63,"column":54}},"33":{"start":{"line":65,"column":22},"end":{"line":65,"column":48}},"34":{"start":{"line":66,"column":9},"end":{"line":66,"column":36}},"35":{"start":{"line":67,"column":8},"end":{"line":67,"column":27}},"36":{"start":{"line":70,"column":6},"end":{"line":70,"column":16}},"37":{"start":{"line":75,"column":0},"end":{"line":75,"column":22}}},"fnMap":{"0":{"name":"(anonymous_1)","decl":{"start":{"line":7,"column":17},"end":{"line":7,"column":22}},"loc":{"start":{"line":7,"column":75},"end":{"line":35,"column":1}}},"1":{"name":"(anonymous_2)","decl":{"start":{"line":38,"column":20},"end":{"line":38,"column":25}},"loc":{"start":{"line":38,"column":78},"end":{"line":53,"column":1}}},"2":{"name":"(anonymous_3)","decl":{"start":{"line":58,"column":2},"end":{"line":58,"column":7}},"loc":{"start":{"line":58,"column":60},"end":{"line":72,"column":3}}}},"branchMap":{"0":{"loc":{"start":{"line":11,"column":4},"end":{"line":15,"column":5}},"type":"if","locations":[{"start":{"line":11,"column":4},"end":{"line":15,"column":5}}]},"1":{"loc":{"start":{"line":11,"column":8},"end":{"line":11,"column":22}},"type":"binary-expr","locations":[{"start":{"line":11,"column":8},"end":{"line":11,"column":12}},{"start":{"line":11,"column":16},"end":{"line":11,"column":22}}]},"2":{"loc":{"start":{"line":18,"column":4},"end":{"line":22,"column":5}},"type":"if","locations":[{"start":{"line":18,"column":4},"end":{"line":22,"column":5}}]},"3":{"loc":{"start":{"line":18,"column":8},"end":{"line":18,"column":65}},"type":"binary-expr","locations":[{"start":{"line":18,"column":8},"end":{"line":18,"column":25}},{"start":{"line":18,"column":30},"end":{"line":18,"column":53}},{"start":{"line":18,"column":57},"end":{"line":18,"column":64}}]},"4":{"loc":{"start":{"line":30,"column":11},"end":{"line":30,"column":22}},"type":"binary-expr","locations":[{"start":{"line":30,"column":11},"end":{"line":30,"column":14}},{"start":{"line":30,"column":18},"end":{"line":30,"column":22}}]},"5":{"loc":{"start":{"line":43,"column":4},"end":{"line":47,"column":5}},"type":"if","locations":[{"start":{"line":43,"column":4},"end":{"line":47,"column":5}}]},"6":{"loc":{"start":{"line":62,"column":6},"end":{"line":68,"column":7}},"type":"if","locations":[{"start":{"line":62,"column":6},"end":{"line":68,"column":7}},{"start":{"line":64,"column":13},"end":{"line":68,"column":7}}]}},"s":{"0":2,"1":2,"2":2,"3":2,"4":4,"5":4,"6":4,"7":1,"8":1,"9":1,"10":3,"11":0,"12":0,"13":0,"14":3,"15":3,"16":0,"17":2,"18":2,"19":2,"20":2,"21":2,"22":1,"23":1,"24":1,"25":1,"26":0,"27":2,"28":2,"29":2,"30":2,"31":2,"32":1,"33":1,"34":1,"35":1,"36":0,"37":2},"f":{"0":4,"1":2,"2":2},"b":{"0":[1],"1":[4,4],"2":[0],"3":[3,3,3],"4":[3,0],"5":[1],"6":[1,1]}}
,"/Users/ahmedhosny/Desktop/Development/TMG Assessment/backend/services/stackService.ts": {"path":"/Users/ahmedhosny/Desktop/Development/TMG Assessment/backend/services/stackService.ts","statementMap":{"0":{"start":{"line":1,"column":24},"end":{"line":1,"column":26}},"1":{"start":{"line":4,"column":13},"end":{"line":6,"column":1}},"2":{"start":{"line":5,"column":2},"end":{"line":5,"column":19}},"3":{"start":{"line":9,"column":12},"end":{"line":11,"column":1}},"4":{"start":{"line":10,"column":2},"end":{"line":10,"column":59}},"5":{"start":{"line":13,"column":0},"end":{"line":16,"column":2}}},"fnMap":{"0":{"name":"(anonymous_0)","decl":{"start":{"line":4,"column":13},"end":{"line":4,"column":18}},"loc":{"start":{"line":4,"column":51},"end":{"line":6,"column":1}}},"1":{"name":"(anonymous_1)","decl":{"start":{"line":9,"column":12},"end":{"line":9,"column":17}},"loc":{"start":{"line":9,"column":47},"end":{"line":11,"column":1}}}},"branchMap":{"0":{"loc":{"start":{"line":10,"column":9},"end":{"line":10,"column":58}},"type":"cond-expr","locations":[{"start":{"line":10,"column":29},"end":{"line":10,"column":51}},{"start":{"line":10,"column":54},"end":{"line":10,"column":58}}]}},"s":{"0":2,"1":2,"2":3,"3":2,"4":2,"5":2},"f":{"0":3,"1":2},"b":{"0":[1,1]}}
,"/Users/ahmedhosny/Desktop/Development/TMG Assessment/backend/services/storeService.ts": {"path":"/Users/ahmedhosny/Desktop/Development/TMG Assessment/backend/services/storeService.ts","statementMap":{"0":{"start":{"line":6,"column":24},"end":{"line":6,"column":55}},"1":{"start":{"line":7,"column":57},"end":{"line":7,"column":59}},"2":{"start":{"line":10,"column":12},"end":{"line":23,"column":1}},"3":{"start":{"line":11,"column":17},"end":{"line":11,"column":53}},"4":{"start":{"line":12,"column":2},"end":{"line":12,"column":46}},"5":{"start":{"line":14,"column":2},"end":{"line":22,"column":3}},"6":{"start":{"line":15,"column":4},"end":{"line":15,"column":28}},"7":{"start":{"line":17,"column":4},"end":{"line":19,"column":5}},"8":{"start":{"line":18,"column":6},"end":{"line":18,"column":37}},"9":{"start":{"line":21,"column":4},"end":{"line":21,"column":25}},"10":{"start":{"line":26,"column":12},"end":{"line":36,"column":1}},"11":{"start":{"line":27,"column":17},"end":{"line":27,"column":41}},"12":{"start":{"line":28,"column":2},"end":{"line":28,"column":27}},"13":{"start":{"line":28,"column":15},"end":{"line":28,"column":27}},"14":{"start":{"line":30,"column":2},"end":{"line":33,"column":3}},"15":{"start":{"line":31,"column":4},"end":{"line":31,"column":32}},"16":{"start":{"line":32,"column":4},"end":{"line":32,"column":16}},"17":{"start":{"line":35,"column":2},"end":{"line":35,"column":22}},"18":{"start":{"line":39,"column":18},"end":{"line":42,"column":1}},"19":{"start":{"line":40,"column":2},"end":{"line":40,"column":26}},"20":{"start":{"line":41,"column":2},"end":{"line":41,"column":37}},"21":{"start":{"line":45,"column":27},"end":{"line":51,"column":1}},"22":{"start":{"line":46,"column":14},"end":{"line":46,"column":24}},"23":{"start":{"line":47,"column":2},"end":{"line":50,"column":3}},"24":{"start":{"line":48,"column":24},"end":{"line":48,"column":40}},"25":{"start":{"line":49,"column":4},"end":{"line":49,"column":45}},"26":{"start":{"line":54,"column":27},"end":{"line":59,"column":1}},"27":{"start":{"line":55,"column":16},"end":{"line":55,"column":62}},"28":{"start":{"line":55,"column":45},"end":{"line":55,"column":61}},"29":{"start":{"line":56,"column":2},"end":{"line":58,"column":3}},"30":{"start":{"line":57,"column":4},"end":{"line":57,"column":30}},"31":{"start":{"line":61,"column":0},"end":{"line":65,"column":2}}},"fnMap":{"0":{"name":"(anonymous_0)","decl":{"start":{"line":10,"column":12},"end":{"line":10,"column":17}},"loc":{"start":{"line":10,"column":78},"end":{"line":23,"column":1}}},"1":{"name":"(anonymous_1)","decl":{"start":{"line":26,"column":12},"end":{"line":26,"column":17}},"loc":{"start":{"line":26,"column":58},"end":{"line":36,"column":1}}},"2":{"name":"(anonymous_2)","decl":{"start":{"line":39,"column":18},"end":{"line":39,"column":23}},"loc":{"start":{"line":39,"column":58},"end":{"line":42,"column":1}}},"3":{"name":"(anonymous_3)","decl":{"start":{"line":45,"column":27},"end":{"line":45,"column":36}},"loc":{"start":{"line":45,"column":38},"end":{"line":51,"column":1}}},"4":{"name":"(anonymous_4)","decl":{"start":{"line":54,"column":27},"end":{"line":54,"column":28}},"loc":{"start":{"line":54,"column":49},"end":{"line":59,"column":1}}},"5":{"name":"(anonymous_5)","decl":{"start":{"line":55,"column":35},"end":{"line":55,"column":36}},"loc":{"start":{"line":55,"column":45},"end":{"line":55,"column":61}}}},"branchMap":{"0":{"loc":{"start":{"line":11,"column":17},"end":{"line":11,"column":53}},"type":"cond-expr","locations":[{"start":{"line":11,"column":23},"end":{"line":11,"column":46}},{"start":{"line":11,"column":49},"end":{"line":11,"column":53}}]},"1":{"loc":{"start":{"line":14,"column":2},"end":{"line":22,"column":3}},"type":"if","locations":[{"start":{"line":14,"column":2},"end":{"line":22,"column":3}}]},"2":{"loc":{"start":{"line":17,"column":4},"end":{"line":19,"column":5}},"type":"if","locations":[{"start":{"line":17,"column":4},"end":{"line":19,"column":5}}]},"3":{"loc":{"start":{"line":28,"column":2},"end":{"line":28,"column":27}},"type":"if","locations":[{"start":{"line":28,"column":2},"end":{"line":28,"column":27}}]},"4":{"loc":{"start":{"line":30,"column":2},"end":{"line":33,"column":3}},"type":"if","locations":[{"start":{"line":30,"column":2},"end":{"line":33,"column":3}}]},"5":{"loc":{"start":{"line":30,"column":6},"end":{"line":30,"column":49}},"type":"binary-expr","locations":[{"start":{"line":30,"column":6},"end":{"line":30,"column":19}},{"start":{"line":30,"column":23},"end":{"line":30,"column":49}}]},"6":{"loc":{"start":{"line":47,"column":9},"end":{"line":47,"column":56}},"type":"binary-expr","locations":[{"start":{"line":47,"column":9},"end":{"line":47,"column":28}},{"start":{"line":47,"column":32},"end":{"line":47,"column":56}}]},"7":{"loc":{"start":{"line":56,"column":2},"end":{"line":58,"column":3}},"type":"if","locations":[{"start":{"line":56,"column":2},"end":{"line":58,"column":3}}]}},"s":{"0":2,"1":2,"2":2,"3":3,"4":3,"5":3,"6":3,"7":3,"8":3,"9":3,"10":2,"11":2,"12":2,"13":1,"14":1,"15":0,"16":0,"17":1,"18":2,"19":2,"20":2,"21":2,"22":3,"23":3,"24":0,"25":0,"26":2,"27":5,"28":3,"29":5,"30":3,"31":2},"f":{"0":3,"1":2,"2":2,"3":3,"4":5,"5":3},"b":{"0":[3,0],"1":[3],"2":[3],"3":[1],"4":[0],"5":[1,1],"6":[3,3],"7":[3]}}
,"/Users/ahmedhosny/Desktop/Development/TMG Assessment/backend/utils/errorMiddleware.ts": {"path":"/Users/ahmedhosny/Desktop/Development/TMG Assessment/backend/utils/errorMiddleware.ts","statementMap":{"0":{"start":{"line":4,"column":0},"end":{"line":7,"column":2}},"1":{"start":{"line":5,"column":17},"end":{"line":5,"column":34}},"2":{"start":{"line":6,"column":2},"end":{"line":6,"column":77}}},"fnMap":{"0":{"name":"(anonymous_0)","decl":{"start":{"line":4,"column":15},"end":{"line":4,"column":16}},"loc":{"start":{"line":4,"column":77},"end":{"line":7,"column":1}}}},"branchMap":{"0":{"loc":{"start":{"line":5,"column":17},"end":{"line":5,"column":34}},"type":"binary-expr","locations":[{"start":{"line":5,"column":17},"end":{"line":5,"column":27}},{"start":{"line":5,"column":31},"end":{"line":5,"column":34}}]},"1":{"loc":{"start":{"line":6,"column":35},"end":{"line":6,"column":73}},"type":"binary-expr","locations":[{"start":{"line":6,"column":35},"end":{"line":6,"column":46}},{"start":{"line":6,"column":50},"end":{"line":6,"column":73}}]}},"s":{"0":2,"1":4,"2":4},"f":{"0":4},"b":{"0":[4,0],"1":[4,0]}}
}
