TN:
SF:app.ts
FN:19,(anonymous_1)
FNF:1
FNH:0
FNDA:0,(anonymous_1)
DA:1,2
DA:2,2
DA:3,2
DA:4,2
DA:5,2
DA:7,2
DA:8,2
DA:9,2
DA:10,2
DA:11,2
DA:13,2
DA:15,2
DA:18,2
DA:19,0
DA:20,0
DA:24,2
LF:16
LH:14
BRDA:15,0,0,2
BRDA:15,0,1,2
BRDA:18,1,0,0
BRF:3
BRH:2
end_of_record
TN:
SF:routes/stackManager.ts
FN:7,(anonymous_1)
FN:24,(anonymous_2)
FNF:2
FNH:2
FNDA:3,(anonymous_1)
FNDA:2,(anonymous_2)
DA:1,2
DA:2,2
DA:4,2
DA:7,2
DA:8,3
DA:9,3
DA:10,3
DA:11,0
DA:12,0
DA:13,0
DA:16,3
DA:17,3
DA:19,0
DA:24,2
DA:25,2
DA:26,2
DA:27,2
DA:28,1
DA:29,1
DA:30,1
DA:33,1
DA:35,0
DA:39,2
LF:23
LH:18
BRDA:10,0,0,0
BRDA:27,1,0,1
BRF:2
BRH:1
end_of_record
TN:
SF:routes/storeManager.ts
FN:7,(anonymous_1)
FN:38,(anonymous_2)
FN:58,(anonymous_3)
FNF:3
FNH:3
FNDA:4,(anonymous_1)
FNDA:2,(anonymous_2)
FNDA:2,(anonymous_3)
DA:1,2
DA:2,2
DA:4,2
DA:7,2
DA:8,4
DA:9,4
DA:11,4
DA:12,1
DA:13,1
DA:14,1
DA:18,3
DA:19,0
DA:20,0
DA:21,0
DA:24,3
DA:26,3
DA:33,0
DA:38,2
DA:39,2
DA:40,2
DA:41,2
DA:43,2
DA:44,1
DA:45,1
DA:46,1
DA:49,1
DA:51,0
DA:56,2
DA:59,2
DA:60,2
DA:61,2
DA:62,2
DA:63,1
DA:65,1
DA:66,1
DA:67,1
DA:70,0
DA:75,2
LF:38
LH:32
BRDA:11,0,0,1
BRDA:11,1,0,4
BRDA:11,1,1,4
BRDA:18,2,0,0
BRDA:18,3,0,3
BRDA:18,3,1,3
BRDA:18,3,2,3
BRDA:30,4,0,3
BRDA:30,4,1,0
BRDA:43,5,0,1
BRDA:62,6,0,1
BRDA:62,6,1,1
BRF:12
BRH:10
end_of_record
TN:
SF:services/stackService.ts
FN:4,(anonymous_0)
FN:9,(anonymous_1)
FNF:2
FNH:2
FNDA:3,(anonymous_0)
FNDA:2,(anonymous_1)
DA:1,2
DA:4,2
DA:5,3
DA:9,2
DA:10,2
DA:13,2
LF:6
LH:6
BRDA:10,0,0,1
BRDA:10,0,1,1
BRF:2
BRH:2
end_of_record
TN:
SF:services/storeService.ts
FN:10,(anonymous_0)
FN:26,(anonymous_1)
FN:39,(anonymous_2)
FN:45,(anonymous_3)
FN:54,(anonymous_4)
FN:55,(anonymous_5)
FNF:6
FNH:6
FNDA:3,(anonymous_0)
FNDA:2,(anonymous_1)
FNDA:2,(anonymous_2)
FNDA:3,(anonymous_3)
FNDA:5,(anonymous_4)
FNDA:3,(anonymous_5)
DA:6,2
DA:7,2
DA:10,2
DA:11,3
DA:12,3
DA:14,3
DA:15,3
DA:17,3
DA:18,3
DA:21,3
DA:26,2
DA:27,2
DA:28,2
DA:30,1
DA:31,0
DA:32,0
DA:35,1
DA:39,2
DA:40,2
DA:41,2
DA:45,2
DA:46,3
DA:47,3
DA:48,0
DA:49,0
DA:54,2
DA:55,5
DA:56,5
DA:57,3
DA:61,2
LF:30
LH:26
BRDA:11,0,0,3
BRDA:11,0,1,0
BRDA:14,1,0,3
BRDA:17,2,0,3
BRDA:28,3,0,1
BRDA:30,4,0,0
BRDA:30,5,0,1
BRDA:30,5,1,1
BRDA:47,6,0,3
BRDA:47,6,1,3
BRDA:56,7,0,3
BRF:11
BRH:9
end_of_record
TN:
SF:utils/errorMiddleware.ts
FN:4,(anonymous_0)
FNF:1
FNH:1
FNDA:4,(anonymous_0)
DA:4,2
DA:5,4
DA:6,4
LF:3
LH:3
BRDA:5,0,0,4
BRDA:5,0,1,0
BRDA:6,1,0,4
BRDA:6,1,1,0
BRF:4
BRH:2
end_of_record
